0 info it worked if it ends with ok
1 verbose cli [ '/usr/bin/nodejs', '/usr/bin/npm', 'start' ]
2 info using npm@3.5.2
3 info using node@v4.2.6
4 verbose run-script [ 'prestart', 'start', 'poststart' ]
5 info lifecycle simple-realtime-chat@~prestart: simple-realtime-chat@
6 silly lifecycle simple-realtime-chat@~prestart: no script for prestart, continuing
7 info lifecycle simple-realtime-chat@~start: simple-realtime-chat@
8 verbose lifecycle simple-realtime-chat@~start: unsafe-perm in lifecycle true
9 verbose lifecycle simple-realtime-chat@~start: PATH: /usr/share/npm/bin/node-gyp-bin:/home/mpillar/.go/src/github.com/mpillar/strava-sight/js/node_modules/.bin:/usr/local/Qt/5.5/gcc_64/bin:/sbin:/usr/local/bin:/usr/local/sbin:/home/mpillar/Repos/aerofs/tools:/home/mpillar/.go/bin:/usr/local/Qt/5.5/gcc_64/bin:/sbin:/usr/local/bin:/usr/local/sbin:/home/mpillar/Repos/aerofs/tools:/home/mpillar/.go/bin:/usr/local/sbin:/usr/local/bin:/usr/sbin:/usr/bin:/sbin:/bin:/usr/games:/usr/local/games:/snap/bin:/home/mpillar/.go/bin:/home/mpillar/.rvm/bin:/home/mpillar/.go/bin:/home/mpillar/.rvm/bin
10 verbose lifecycle simple-realtime-chat@~start: CWD: /home/mpillar/.go/src/github.com/mpillar/strava-sight/js
11 silly lifecycle simple-realtime-chat@~start: Args: [ '-c', 'make -j2 watch-and-serve' ]
12 silly lifecycle simple-realtime-chat@~start: Returned: code: 2  signal: null
13 info lifecycle simple-realtime-chat@~start: Failed to exec start script
14 verbose stack Error: simple-realtime-chat@ start: `make -j2 watch-and-serve`
14 verbose stack Exit status 2
14 verbose stack     at EventEmitter.<anonymous> (/usr/share/npm/lib/utils/lifecycle.js:232:16)
14 verbose stack     at emitTwo (events.js:87:13)
14 verbose stack     at EventEmitter.emit (events.js:172:7)
14 verbose stack     at ChildProcess.<anonymous> (/usr/share/npm/lib/utils/spawn.js:24:14)
14 verbose stack     at emitTwo (events.js:87:13)
14 verbose stack     at ChildProcess.emit (events.js:172:7)
14 verbose stack     at maybeClose (internal/child_process.js:821:16)
14 verbose stack     at Process.ChildProcess._handle.onexit (internal/child_process.js:211:5)
15 verbose pkgid simple-realtime-chat@
16 verbose cwd /home/mpillar/.go/src/github.com/mpillar/strava-sight/js
17 error Linux 4.4.0-24-generic
18 error argv "/usr/bin/nodejs" "/usr/bin/npm" "start"
19 error node v4.2.6
20 error npm  v3.5.2
21 error code ELIFECYCLE
22 error simple-realtime-chat@ start: `make -j2 watch-and-serve`
22 error Exit status 2
23 error Failed at the simple-realtime-chat@ start script 'make -j2 watch-and-serve'.
23 error Make sure you have the latest version of node.js and npm installed.
23 error If you do, this is most likely a problem with the simple-realtime-chat package,
23 error not with npm itself.
23 error Tell the author that this fails on your system:
23 error     make -j2 watch-and-serve
23 error You can get information on how to open an issue for this project with:
23 error     npm bugs simple-realtime-chat
23 error Or if that isn't available, you can get their info via:
23 error     npm owner ls simple-realtime-chat
23 error There is likely additional logging output above.
24 verbose exit [ 1, true ]
